14 [140137145968512] INFO perfrun.launcher <> - Launcher main begin
16 [140137145968512] INFO perfrun.launcher <> - MessageCatalogInit finished
16 [140137145968512] INFO perfrun.launcher <> - Launcher instance created
16 [140137145968512] INFO perfrun.launcher <> - argc = 6; cmdline = /dss/lrzsys/sys/spack/release/22.2.1/opt/x86_64/intel-oneapi-vtune/2021.7.1-gcc-ihh6yuf/vtune/2021.7.1/bin64/amplxe-runss -dump-vdso -r /dss/dsshome1/0C/h039vap/heatdir/VtuneData/MemoryAccess --tmp-dir /hppfs/scratch/0C/h039vap/tmp/amplxe-tmp-h039vap 
88 [140137145968512] INFO perfrun.launcher <> - create msngr2::ICliToolContext
88 [140137145968512] INFO perfrun.launcher <> - create file finder object
109 [140137012651776] INFO perfrun.launcher <> - plugin [remoteplug] was disabled because it doesn't support the given collection type.
109 [140137012651776] INFO perfrun.launcher <> - plugin [system] was disabled because it doesn't support the given collection type.
109 [140137012651776] INFO perfrun.vdso <> - dumping [vdso] pseudomodule
115 [140137012651776] INFO perfrun.launcher <> - plugin [itt] was disabled because it doesn't support the given collection type.
115 [140137012651776] INFO perfrun.launcher <> - plugin [ptracecollector] was disabled because it doesn't support the given collection type.
115 [140137012651776] INFO perfrun.launcher <> - plugin [gpu] was disabled because it doesn't support the given collection type.
115 [140137012651776] INFO perfrun.launcher <> - plugin [] was disabled because it doesn't support the given collection type.
115 [140137012651776] INFO perfrun.launcher <> - plugin [] was disabled because it doesn't support the given collection type.
115 [140137012651776] INFO perfrun.launcher <> - plugin [] was disabled because it doesn't support the given collection type.
115 [140137012651776] INFO perfrun.launcher <> - plugin [mrte] was disabled because it doesn't support the given collection type.
115 [140137012651776] INFO perfrun.launcher <> - plugin [emon] was disabled because it doesn't support the given collection type.
115 [140137012651776] INFO perfrun.launcher <> - plugin [cuscol] was disabled because it doesn't support the given collection type.
115 [140137012651776] INFO perfrun.launcher <> - plugin [stdsrc] was disabled because it doesn't support the given collection type.
115 [140137012651776] INFO perfrun.launcher <> - plugin [sep] was disabled because it doesn't support the given collection type.
116 [140137012651776] INFO perfrun.launcher <> - plugin [vtsspp] was disabled because it doesn't support the given collection type.
116 [140137012651776] INFO perfrun.launcher <> - plugin [perf] was disabled because it doesn't support the given collection type.
116 [140137012651776] INFO perfrun.launcher <> - plugin [aoclprofile] was disabled because it doesn't support the given collection type.
116 [140137012651776] INFO perfrun.launcher <> - plugin [tpss] was disabled because it doesn't support the given collection type.
116 [140137012651776] INFO perfrun.launcher <> - plugin [exprof] was disabled because it doesn't support the given collection type.
116 [140137012651776] INFO perfrun.launcher <> - plugin [media] was disabled because it doesn't support the given collection type.
116 [140137012651776] INFO perfrun.launcher <> - plugin [] was disabled because it doesn't support the given collection type.
116 [140137012651776] INFO perfrun.launcher <> - plugin [] was disabled because it doesn't support the given collection type.
116 [140137012651776] INFO perfrun.launcher <> - plugin [parallelfs] was disabled because it doesn't support the given collection type.
116 [140137012651776] INFO perfrun.launcher <> - plugin [power] was disabled because it doesn't support the given collection type.
116 [140137012651776] INFO perfrun.launcher <> - plugin [hwloc] was disabled because it doesn't support the given collection type.
116 [140137012651776] INFO perfrun.launcher <> - plugin [ipmwatch] was disabled because it doesn't support the given collection type.
117 [140137012651776] INFO perfrun.launcher <> - plugin [os_counters] was disabled because it doesn't support the given collection type.
117 [140137145968512] INFO perfrun.launcher <> - Application exit code: 0
117 [140137145968512] INFO perfrun.launcher <> - Exit code: 0
